
Showing logs for build [32mcb-kubecd-environment-pr-1496-1-xvsv9-1[0m stage [32mfrom-build-pack[0m and container [32mstep-credential-initializer-b962p[0m
{"level":"info","ts":1589933440.5301,"logger":"fallback-logger","caller":"logging/config.go:69","msg":"Fetch GitHub commit ID from kodata failed: open /var/run/ko/refs/heads/0.8.0-ns-support: no such file or directory"}
{"level":"info","ts":1589933440.5306675,"logger":"fallback-logger","caller":"creds-init/main.go:40","msg":"Credentials initialized."}

Showing logs for build [32mcb-kubecd-environment-pr-1496-1-xvsv9-1[0m stage [32mfrom-build-pack[0m and container [32mstep-working-dir-initializer-spr2h[0m
{"level":"info","ts":1589933441.9121416,"logger":"fallback-logger","caller":"logging/config.go:69","msg":"Fetch GitHub commit ID from kodata failed: open /var/run/ko/HEAD: no such file or directory"}
{"level":"info","ts":1589933441.9142256,"logger":"fallback-logger","caller":"bash/main.go:64","msg":"Successfully executed command \"sh -c mkdir -p /workspace/source\"; output "}

Showing logs for build [32mcb-kubecd-environment-pr-1496-1-xvsv9-1[0m stage [32mfrom-build-pack[0m and container [32mstep-place-tools[0m

Showing logs for build [32mcb-kubecd-environment-pr-1496-1-xvsv9-1[0m stage [32mfrom-build-pack[0m and container [32mstep-git-source-cb-kubecd-environment-pr-1496-1-xvsv9-9r8l8[0m
{"level":"info","ts":1589933446.0372694,"logger":"fallback-logger","caller":"logging/config.go:69","msg":"Fetch GitHub commit ID from kodata failed: open /var/run/ko/refs/heads/0.8.0-ns-support: no such file or directory"}
{"level":"info","ts":1589933446.664024,"logger":"fallback-logger","caller":"git/git.go:103","msg":"Successfully cloned https://github.com/cb-kubecd/environment-pr-1496-10-bdd-frontend-staging.git @ master in path /workspace/source"}

Showing logs for build [32mcb-kubecd-environment-pr-1496-1-xvsv9-1[0m stage [32mfrom-build-pack[0m and container [32mstep-git-merge[0m
Using SHAs from PULL_REFS=master:96331940eba3ea748438cec93a3febcb89012155,1:b12f6e3803c6025eba10e8588d779994bfe45d07
DEBUG: LC_ALL=C JX_LOG_LEVEL=error git fetch origin --unshallow b12f6e3803c6025eba10e8588d779994bfe45d07: 96331940eba3ea748438cec93a3febcb89012155:
DEBUG: ran git fetch --unshallow origin b12f6e3803c6025eba10e8588d779994bfe45d07: 96331940eba3ea748438cec93a3febcb89012155: in 
DEBUG: LC_ALL=C JX_LOG_LEVEL=error git branch
DEBUG: JX_LOG_LEVEL=error LC_ALL=C git checkout master
DEBUG: ran git checkout master in 
DEBUG: LC_ALL=C JX_LOG_LEVEL=error git reset --hard 96331940eba3ea748438cec93a3febcb89012155
DEBUG: ran git reset --hard 96331940eba3ea748438cec93a3febcb89012155 in 
DEBUG: LC_ALL=C JX_LOG_LEVEL=error git clean -fd .
DEBUG: ran clean --force -d . in 
DEBUG: LC_ALL=C JX_LOG_LEVEL=error git merge b12f6e3803c6025eba10e8588d779994bfe45d07
DEBUG: ran git merge b12f6e3803c6025eba10e8588d779994bfe45d07 in 
DEBUG: LC_ALL=C JX_LOG_LEVEL=error git log --format=%H%x1f%an%x1f%ae%x1f%cn%x1f%ce%x1f%s%n%b%x1e 96331940eba3ea748438cec93a3febcb89012155..HEAD
Merged SHA b12f6e3803c6025eba10e8588d779994bfe45d07 with commit message 'chore: Promote bdd-nh-1589932427 to version 0.0.1' into base branch master

Showing logs for build [32mcb-kubecd-environment-pr-1496-1-xvsv9-1[0m stage [32mfrom-build-pack[0m and container [32mstep-build-helm-build[0m
WARNING: No $CHART_REPOSITORY defined so using the default value of: http://jenkins-x-chartmuseum:8080
Adding missing Helm repo: storage.googleapis.com https://storage.googleapis.com/chartmuseum.jenkins-x.io
WARNING: No secrets found on "helm/repos" due: reading the secret "helm/repos" from vault: no secret "helm/repos" not found in vault
Read credentials for https://storage.googleapis.com/chartmuseum.jenkins-x.io from vault helm/repos
Successfully added Helm repository storage.googleapis.com.
Adding missing Helm repo: jenkins-x-chartmuseum http://jenkins-x-chartmuseum:8080
WARNING: No secrets found on "helm/repos" due: reading the secret "helm/repos" from vault: no secret "helm/repos" not found in vault
Read credentials for http://jenkins-x-chartmuseum:8080 from vault helm/repos
Successfully added Helm repository jenkins-x-chartmuseum.
WARNING: No $CHART_REPOSITORY defined so using the default value of: http://jenkins-x-chartmuseum:8080
Adding missing Helm repo: chartmuseum.jenkins-x.io http://chartmuseum.jenkins-x.io
WARNING: No secrets found on "helm/repos" due: reading the secret "helm/repos" from vault: no secret "helm/repos" not found in vault
Read credentials for http://chartmuseum.jenkins-x.io from vault helm/repos
Successfully added Helm repository chartmuseum.jenkins-x.io.
